<?xml version="1.0" encoding="UTF-8"?>
<!-- Generated by org.testng.reporters.JUnitReportReporter -->
<testsuite skipped="0" hostname="INLD0VWGY1" name="pallyPart.NewTest" tests="1" failures="0" timestamp="27 Jul 2018 07:55:08 GMT" time="10.307" errors="0">
  <testcase name="f" time="10.307" classname="pallyPart.NewTest"/>
</testsuite> <!-- pallyPart.NewTest -->
